# JRE version: OpenJDK Runtime Environment (8.0_242-b01) (build 1.8.0_242-release-1644-b01)
# Java VM: OpenJDK 64-Bit Server VM (25.242-b01 mixed mode windows-amd64 compressed oops)
Heap:
 PSYoungGen      total 142848K, used 87188K [0x00000000d5580000, 0x00000000dec80000, 0x0000000100000000)
  eden space 131072K, 66% used [0x00000000d5580000,0x00000000daaa5328,0x00000000dd580000)
  from space 11776K, 0% used [0x00000000dd580000,0x00000000dd580000,0x00000000de100000)
  to   space 11264K, 0% used [0x00000000de180000,0x00000000de180000,0x00000000dec80000)
 ParOldGen       total 64000K, used 30671K [0x0000000080000000, 0x0000000083e80000, 0x00000000d5580000)
  object space 64000K, 47% used [0x0000000080000000,0x0000000081df3e60,0x0000000083e80000)
 Metaspace       used 63436K, capacity 66026K, committed 66324K, reserved 1105920K
  class space    used 8635K, capacity 9200K, committed 9276K, reserved 1048576K
GC Heap History (10 events):
Event: 9.830 GC heap before
{Heap before GC invocations=10 (full 2):
 PSYoungGen      total 142336K, used 8115K [0x00000000d5580000, 0x00000000dec80000, 0x0000000100000000)
  eden space 131072K, 0% used [0x00000000d5580000,0x00000000d5580000,0x00000000dd580000)
  from space 11264K, 72% used [0x00000000de180000,0x00000000de96cf40,0x00000000dec80000)
  to   space 11776K, 0% used [0x00000000dd580000,0x00000000dd580000,0x00000000de100000)
 ParOldGen       total 48640K, used 9177K [0x0000000080000000, 0x0000000082f80000, 0x00000000d5580000)
  object space 48640K, 18% used [0x0000000080000000,0x00000000808f6408,0x0000000082f80000)
 Metaspace       used 34025K, capacity 35244K, committed 35416K, reserved 1079296K
  class space    used 4664K, capacity 4969K, committed 4992K, reserved 1048576K
Event: 9.912 GC heap after
Heap after GC invocations=10 (full 2):
 PSYoungGen      total 142336K, used 0K [0x00000000d5580000, 0x00000000dec80000, 0x0000000100000000)
  eden space 131072K, 0% used [0x00000000d5580000,0x00000000d5580000,0x00000000dd580000)
  from space 11264K, 0% used [0x00000000de180000,0x00000000de180000,0x00000000dec80000)
  to   space 11776K, 0% used [0x00000000dd580000,0x00000000dd580000,0x00000000de100000)
 ParOldGen       total 64000K, used 14776K [0x0000000080000000, 0x0000000083e80000, 0x00000000d5580000)
  object space 64000K, 23% used [0x0000000080000000,0x0000000080e6e098,0x0000000083e80000)
 Metaspace       used 34025K, capacity 35244K, committed 35416K, reserved 1079296K
  class space    used 4664K, capacity 4969K, committed 4992K, reserved 1048576K
}
Event: 15.705 GC heap before
{Heap before GC invocations=11 (full 2):
 PSYoungGen      total 142336K, used 131072K [0x00000000d5580000, 0x00000000dec80000, 0x0000000100000000)
  eden space 131072K, 100% used [0x00000000d5580000,0x00000000dd580000,0x00000000dd580000)
  from space 11264K, 0% used [0x00000000de180000,0x00000000de180000,0x00000000dec80000)
  to   space 11776K, 0% used [0x00000000dd580000,0x00000000dd580000,0x00000000de100000)
 ParOldGen       total 64000K, used 14776K [0x0000000080000000, 0x0000000083e80000, 0x00000000d5580000)
  object space 64000K, 23% used [0x0000000080000000,0x0000000080e6e098,0x0000000083e80000)
 Metaspace       used 40971K, capacity 42720K, committed 42840K, reserved 1085440K
  class space    used 5550K, capacity 5970K, committed 6016K, reserved 1048576K
Event: 15.717 GC heap after
Heap after GC invocations=11 (full 2):
 PSYoungGen      total 142848K, used 11277K [0x00000000d5580000, 0x00000000dec80000, 0x0000000100000000)
  eden space 131072K, 0% used [0x00000000d5580000,0x00000000d5580000,0x00000000dd580000)
  from space 11776K, 95% used [0x00000000dd580000,0x00000000de083418,0x00000000de100000)
  to   space 11264K, 0% used [0x00000000de180000,0x00000000de180000,0x00000000dec80000)
 ParOldGen       total 64000K, used 14784K [0x0000000080000000, 0x0000000083e80000, 0x00000000d5580000)
  object space 64000K, 23% used [0x0000000080000000,0x0000000080e70098,0x0000000083e80000)
 Metaspace       used 40971K, capacity 42720K, committed 42840K, reserved 1085440K
  class space    used 5550K, capacity 5970K, committed 6016K, reserved 1048576K
}
Event: 18.039 GC heap before
{Heap before GC invocations=12 (full 2):
 PSYoungGen      total 142848K, used 142349K [0x00000000d5580000, 0x00000000dec80000, 0x0000000100000000)
  eden space 131072K, 100% used [0x00000000d5580000,0x00000000dd580000,0x00000000dd580000)
  from space 11776K, 95% used [0x00000000dd580000,0x00000000de083418,0x00000000de100000)
  to   space 11264K, 0% used [0x00000000de180000,0x00000000de180000,0x00000000dec80000)
 ParOldGen       total 64000K, used 14784K [0x0000000080000000, 0x0000000083e80000, 0x00000000d5580000)
  object space 64000K, 23% used [0x0000000080000000,0x0000000080e70098,0x0000000083e80000)
 Metaspace       used 54090K, capacity 56278K, committed 56536K, reserved 1097728K
  class space    used 7134K, capacity 7643K, committed 7680K, reserved 1048576K
Event: 18.063 GC heap after
Heap after GC invocations=12 (full 2):
 PSYoungGen      total 142336K, used 11232K [0x00000000d5580000, 0x00000000dec80000, 0x0000000100000000)
  eden space 131072K, 0% used [0x00000000d5580000,0x00000000d5580000,0x00000000dd580000)
  from space 11264K, 99% used [0x00000000de180000,0x00000000dec783e0,0x00000000dec80000)
  to   space 11776K, 0% used [0x00000000dd580000,0x00000000dd580000,0x00000000de100000)
 ParOldGen       total 64000K, used 25627K [0x0000000080000000, 0x0000000083e80000, 0x00000000d5580000)
  object space 64000K, 40% used [0x0000000080000000,0x0000000081906ff8,0x0000000083e80000)
 Metaspace       used 54090K, capacity 56278K, committed 56536K, reserved 1097728K
  class space    used 7134K, capacity 7643K, committed 7680K, reserved 1048576K
}
Event: 18.705 GC heap before
{Heap before GC invocations=13 (full 2):
 PSYoungGen      total 142336K, used 46659K [0x00000000d5580000, 0x00000000dec80000, 0x0000000100000000)
  eden space 131072K, 27% used [0x00000000d5580000,0x00000000d7818880,0x00000000dd580000)
  from space 11264K, 99% used [0x00000000de180000,0x00000000dec783e0,0x00000000dec80000)
  to   space 11776K, 0% used [0x00000000dd580000,0x00000000dd580000,0x00000000de100000)
 ParOldGen       total 64000K, used 25627K [0x0000000080000000, 0x0000000083e80000, 0x00000000d5580000)
  object space 64000K, 40% used [0x0000000080000000,0x0000000081906ff8,0x0000000083e80000)
 Metaspace       used 56743K, capacity 58978K, committed 59028K, reserved 1099776K
  class space    used 7563K, capacity 8079K, committed 8124K, reserved 1048576K
Event: 18.724 GC heap after
Heap after GC invocations=13 (full 2):
 PSYoungGen      total 142848K, used 4370K [0x00000000d5580000, 0x00000000dec80000, 0x0000000100000000)
  eden space 131072K, 0% used [0x00000000d5580000,0x00000000d5580000,0x00000000dd580000)
  from space 11776K, 37% used [0x00000000dd580000,0x00000000dd9c4bd0,0x00000000de100000)
  to   space 11264K, 0% used [0x00000000de180000,0x00000000de180000,0x00000000dec80000)
 ParOldGen       total 64000K, used 36771K [0x0000000080000000, 0x0000000083e80000, 0x00000000d5580000)
  object space 64000K, 57% used [0x0000000080000000,0x00000000823e8cd0,0x0000000083e80000)
 Metaspace       used 56743K, capacity 58978K, committed 59028K, reserved 1099776K
  class space    used 7563K, capacity 8079K, committed 8124K, reserved 1048576K
}
Event: 18.724 GC heap before
{Heap before GC invocations=14 (full 3):
 PSYoungGen      total 142848K, used 4370K [0x00000000d5580000, 0x00000000dec80000, 0x0000000100000000)
  eden space 131072K, 0% used [0x00000000d5580000,0x00000000d5580000,0x00000000dd580000)
  from space 11776K, 37% used [0x00000000dd580000,0x00000000dd9c4bd0,0x00000000de100000)
  to   space 11264K, 0% used [0x00000000de180000,0x00000000de180000,0x00000000dec80000)
 ParOldGen       total 64000K, used 36771K [0x0000000080000000, 0x0000000083e80000, 0x00000000d5580000)
  object space 64000K, 57% used [0x0000000080000000,0x00000000823e8cd0,0x0000000083e80000)
 Metaspace       used 56743K, capacity 58978K, committed 59028K, reserved 1099776K
  class space    used 7563K, capacity 8079K, committed 8124K, reserved 1048576K
Event: 19.001 GC heap after
Heap after GC invocations=14 (full 3):
 PSYoungGen      total 142848K, used 0K [0x00000000d5580000, 0x00000000dec80000, 0x0000000100000000)
  eden space 131072K, 0% used [0x00000000d5580000,0x00000000d5580000,0x00000000dd580000)
  from space 11776K, 0% used [0x00000000dd580000,0x00000000dd580000,0x00000000de100000)
  to   space 11264K, 0% used [0x00000000de180000,0x00000000de180000,0x00000000dec80000)
 ParOldGen       total 64000K, used 30671K [0x0000000080000000, 0x0000000083e80000, 0x00000000d5580000)
  object space 64000K, 47% used [0x0000000080000000,0x0000000081df3e60,0x0000000083e80000)
 Metaspace       used 56683K, capacity 58780K, committed 59028K, reserved 1099776K
  class space    used 7545K, capacity 8024K, committed 8124K, reserved 1048576K
}

